mode: set
steganogopher/internal/common/common.go:10.31,11.16 1 1
steganogopher/internal/common/common.go:11.16,12.13 1 1
steganogopher/internal/common/common.go:16.50,17.35 1 1
steganogopher/internal/common/common.go:17.35,20.40 2 1
steganogopher/internal/common/common.go:24.43,28.22 3 1
steganogopher/internal/common/common.go:35.2,35.15 1 1
steganogopher/internal/common/common.go:28.22,29.26 1 1
steganogopher/internal/common/common.go:29.26,33.4 2 1
steganogopher/internal/common/common.go:38.47,43.33 4 1
steganogopher/internal/common/common.go:50.2,50.22 1 1
steganogopher/internal/common/common.go:43.33,45.26 2 1
steganogopher/internal/common/common.go:48.3,48.27 1 1
steganogopher/internal/common/common.go:45.26,47.4 1 1
steganogopher/decode.go:12.38,21.2 5 1
steganogopher/decode.go:23.52,37.59 10 1
steganogopher/decode.go:55.2,55.13 1 1
steganogopher/decode.go:37.59,38.60 1 1
steganogopher/decode.go:38.60,41.73 2 1
steganogopher/decode.go:41.73,44.14 2 1
steganogopher/decode.go:45.12,46.37 1 1
steganogopher/decode.go:47.12,48.37 1 1
steganogopher/decode.go:49.12,50.37 1 1
steganogopher/decode.go:58.39,62.27 3 1
steganogopher/decode.go:65.2,66.33 2 1
steganogopher/decode.go:71.2,71.13 1 1
steganogopher/decode.go:62.27,64.3 1 1
steganogopher/decode.go:66.33,67.34 1 1
steganogopher/decode.go:67.34,69.4 1 1
steganogopher/encode.go:14.63,23.22 7 1
steganogopher/encode.go:28.2,30.47 2 1
steganogopher/encode.go:23.22,26.3 2 1
steganogopher/encode.go:33.73,49.57 12 1
steganogopher/encode.go:77.2,77.27 1 1
steganogopher/encode.go:49.57,50.58 1 1
steganogopher/encode.go:50.58,54.46 3 1
steganogopher/encode.go:66.4,74.5 1 1
steganogopher/encode.go:54.46,55.14 1 1
steganogopher/encode.go:63.5,63.14 1 1
steganogopher/encode.go:56.12,57.24 1 1
steganogopher/encode.go:58.12,59.24 1 1
steganogopher/encode.go:60.12,61.24 1 1
